Added Component: Designator=J?(SIP19_2)
Add component (AddParameter): Name = "Aprobo"; Value = "-"; VariantName = "[No Variations]"
Add component (AddParameter): Name = "Manufacturer"; Value = ""; VariantName = "[No Variations]"
Add component (AddParameter): Name = "Manufacturer Part Number"; Value = ""; VariantName = "[No Variations]"
Add component (AddParameter): Name = "Part Number"; Value = "HEADER_2x19POS"; VariantName = "[No Variations]"
Add component (AddParameter): Name = "Publico"; Value = "JP"; VariantName = "[No Variations]"
Add component (AddParameter): Name = "Supplier 1"; Value = "ElectroComponentes"; VariantName = "[No Variations]"
Add component (AddParameter): Name = "Supplier Part Number 1"; Value = ""; VariantName = "[No Variations]"
Add component (AddParameter): Name = "Supplier Unit Price 1"; Value = ""; VariantName = "[No Variations]"
Add component (AddParameter): Name = "Value"; Value = "HEADER 2x19"; VariantName = "[No Variations]"
Added Component: Designator=J?(SIP20_2)
Add component (AddParameter): Name = "Aprobo"; Value = "-"; VariantName = "[No Variations]"
Add component (AddParameter): Name = "Manufacturer"; Value = ""; VariantName = "[No Variations]"
Add component (AddParameter): Name = "Manufacturer Part Number"; Value = ""; VariantName = "[No Variations]"
Add component (AddParameter): Name = "Part Number"; Value = "HEADER_2x20POS"; VariantName = "[No Variations]"
Add component (AddParameter): Name = "Publico"; Value = "MM"; VariantName = "[No Variations]"
Add component (AddParameter): Name = "Supplier 1"; Value = "ElectroComponentes"; VariantName = "[No Variations]"
Add component (AddParameter): Name = "Supplier Part Number 1"; Value = ""; VariantName = "[No Variations]"
Add component (AddParameter): Name = "Supplier Unit Price 1"; Value = ""; VariantName = "[No Variations]"
Add component (AddParameter): Name = "Value"; Value = "HEADER 2x20"; VariantName = "[No Variations]"
Added Component: Designator=J?(SIP19_2)
Add component (AddParameter): Name = "Aprobo"; Value = "-"; VariantName = "[No Variations]"
Add component (AddParameter): Name = "Manufacturer"; Value = ""; VariantName = "[No Variations]"
Add component (AddParameter): Name = "Manufacturer Part Number"; Value = ""; VariantName = "[No Variations]"
Add component (AddParameter): Name = "Part Number"; Value = "HEADER_2x19POS"; VariantName = "[No Variations]"
Add component (AddParameter): Name = "Publico"; Value = "JP"; VariantName = "[No Variations]"
Add component (AddParameter): Name = "Supplier 1"; Value = "ElectroComponentes"; VariantName = "[No Variations]"
Add component (AddParameter): Name = "Supplier Part Number 1"; Value = ""; VariantName = "[No Variations]"
Add component (AddParameter): Name = "Supplier Unit Price 1"; Value = ""; VariantName = "[No Variations]"
Add component (AddParameter): Name = "Value"; Value = "HEADER 2x19"; VariantName = "[No Variations]"
Added Component: Designator=U?(DIP8)
Add component (AddParameter): Name = "Aprobo"; Value = "-"; VariantName = "[No Variations]"
Add component (AddParameter): Name = "Manufacturer"; Value = ""; VariantName = "[No Variations]"
Add component (AddParameter): Name = "Manufacturer Part Number"; Value = ""; VariantName = "[No Variations]"
Add component (AddParameter): Name = "Part Number"; Value = "LM311N"; VariantName = "[No Variations]"
Add component (AddParameter): Name = "Publico"; Value = "EB"; VariantName = "[No Variations]"
Add component (AddParameter): Name = "Supplier 1"; Value = "Digi-Key"; VariantName = "[No Variations]"
Add component (AddParameter): Name = "Supplier Part Number 1"; Value = "LM311MNS/NOPB-ND"; VariantName = "[No Variations]"
Add component (AddParameter): Name = "Supplier Unit Price 1"; Value = ""; VariantName = "[No Variations]"
Add component (AddParameter): Name = "Value"; Value = "LM311M"; VariantName = "[No Variations]"
Added Component: Designator=U?(DIP8)
Add component (AddParameter): Name = "Aprobo"; Value = "-"; VariantName = "[No Variations]"
Add component (AddParameter): Name = "Manufacturer"; Value = "Texas Instruments"; VariantName = "[No Variations]"
Add component (AddParameter): Name = "Manufacturer Part Number"; Value = "OPA604APG4"; VariantName = "[No Variations]"
Add component (AddParameter): Name = "Part Number"; Value = "OPA604APG4"; VariantName = "[No Variations]"
Add component (AddParameter): Name = "Publico"; Value = "JP"; VariantName = "[No Variations]"
Add component (AddParameter): Name = "Supplier 1"; Value = "Digi-Key"; VariantName = "[No Variations]"
Add component (AddParameter): Name = "Supplier Part Number 1"; Value = "OPA604APG4-ND"; VariantName = "[No Variations]"
Add component (AddParameter): Name = "Supplier Unit Price 1"; Value = ""; VariantName = "[No Variations]"
Add component (AddParameter): Name = "Value"; Value = "OPA604APG4"; VariantName = "[No Variations]"
Added Member To Class: ClassName=Bode_Analyzer Member=Component J? HEADER 2x19
Added Member To Class: ClassName=Bode_Analyzer Member=Component J? HEADER 2x20
Added Member To Class: ClassName=Bode_Analyzer Member=Component J? HEADER 2x19
Added Member To Class: ClassName=Bode_Analyzer Member=Component U? LM311M
Added Member To Class: ClassName=Bode_Analyzer Member=Component U? OPA604APG4
